mode: set
testBeego/controllers/api_client.go:20.45,22.34 2 1
testBeego/controllers/api_client.go:22.34,24.6 1 1
testBeego/controllers/api_client.go:25.5,25.17 1 0
testBeego/controllers/api_client.go:29.97,32.15 2 1
testBeego/controllers/api_client.go:32.15,41.23 6 1
testBeego/controllers/api_client.go:42.20,43.35 1 1
testBeego/controllers/api_client.go:44.21,46.31 2 0
testBeego/controllers/api_client.go:46.31,48.14 1 0
testBeego/controllers/api_client.go:49.23,50.38 1 0
testBeego/controllers/api_client.go:51.17,54.19 3 1
testBeego/controllers/api_client.go:57.9,61.23 4 1
testBeego/controllers/api_client.go:61.23,64.10 2 1
testBeego/controllers/api_client.go:66.9,66.27 1 1
testBeego/controllers/api_client.go:69.5,69.22 1 1
testBeego/controllers/cat_controller.go:19.31,21.2 1 1
testBeego/controllers/cat_controller.go:24.40,26.27 1 1
testBeego/controllers/cat_controller.go:26.27,28.6 1 0
testBeego/controllers/cat_controller.go:30.5,32.12 2 1
testBeego/controllers/cat_controller.go:33.33,35.34 2 1
testBeego/controllers/cat_controller.go:36.41,38.22 2 0
testBeego/controllers/cat_controller.go:43.37,44.27 1 1
testBeego/controllers/cat_controller.go:44.27,46.6 1 0
testBeego/controllers/cat_controller.go:48.5,50.12 2 1
testBeego/controllers/cat_controller.go:51.33,53.34 2 1
testBeego/controllers/cat_controller.go:54.41,56.22 2 0
testBeego/controllers/cat_controller.go:61.42,66.19 4 1
testBeego/controllers/cat_controller.go:66.19,71.6 4 1
testBeego/controllers/cat_controller.go:73.5,73.27 1 1
testBeego/controllers/cat_controller.go:73.27,75.6 1 0
testBeego/controllers/cat_controller.go:77.5,80.12 3 1
testBeego/controllers/cat_controller.go:81.33,83.34 2 1
testBeego/controllers/cat_controller.go:84.41,86.22 2 0
testBeego/controllers/favorites_controller.go:21.46,22.27 1 1
testBeego/controllers/favorites_controller.go:22.27,24.6 1 0
testBeego/controllers/favorites_controller.go:26.5,31.12 4 1
testBeego/controllers/favorites_controller.go:32.33,34.34 2 1
testBeego/controllers/favorites_controller.go:35.41,37.22 2 0
testBeego/controllers/favorites_controller.go:42.45,43.27 1 1
testBeego/controllers/favorites_controller.go:43.27,45.6 1 0
testBeego/controllers/favorites_controller.go:47.5,48.28 2 1
testBeego/controllers/favorites_controller.go:48.28,53.6 4 0
testBeego/controllers/favorites_controller.go:54.5,57.59 3 1
testBeego/controllers/favorites_controller.go:57.59,61.6 3 0
testBeego/controllers/favorites_controller.go:63.5,63.26 1 1
testBeego/controllers/favorites_controller.go:63.26,67.6 3 1
testBeego/controllers/favorites_controller.go:70.5,70.24 1 1
testBeego/controllers/favorites_controller.go:70.24,72.6 1 0
testBeego/controllers/favorites_controller.go:74.5,76.12 2 1
testBeego/controllers/favorites_controller.go:77.33,79.34 2 1
testBeego/controllers/favorites_controller.go:80.41,82.22 2 0
testBeego/controllers/favorites_controller.go:87.48,88.27 1 1
testBeego/controllers/favorites_controller.go:88.27,90.6 1 0
testBeego/controllers/favorites_controller.go:92.5,97.12 4 1
testBeego/controllers/favorites_controller.go:98.33,100.34 2 1
testBeego/controllers/favorites_controller.go:101.41,103.22 2 0
testBeego/controllers/vote_controller.go:21.33,24.27 2 1
testBeego/controllers/vote_controller.go:24.27,26.6 1 0
testBeego/controllers/vote_controller.go:28.5,29.28 2 1
testBeego/controllers/vote_controller.go:29.28,34.6 4 1
testBeego/controllers/vote_controller.go:35.5,38.60 3 1
testBeego/controllers/vote_controller.go:38.60,43.6 4 1
testBeego/controllers/vote_controller.go:46.5,46.68 1 1
testBeego/controllers/vote_controller.go:46.68,51.6 4 1
testBeego/controllers/vote_controller.go:54.5,54.25 1 1
testBeego/controllers/vote_controller.go:54.25,56.6 1 0
testBeego/controllers/vote_controller.go:58.5,63.12 3 1
testBeego/controllers/vote_controller.go:64.33,66.34 2 1
testBeego/controllers/vote_controller.go:67.41,69.22 2 0
testBeego/controllers/vote_controller.go:74.43,77.27 2 1
testBeego/controllers/vote_controller.go:77.27,79.6 1 0
testBeego/controllers/vote_controller.go:81.5,86.12 4 1
testBeego/controllers/vote_controller.go:87.33,89.34 2 1
testBeego/controllers/vote_controller.go:90.41,92.22 2 0
